<?xml version="1.0" encoding="UTF-8"?>
<testng-results ignored="0" total="24" passed="24" failed="0" skipped="0">
  <reporter-output>
  </reporter-output>
  <suite started-at="2025-06-27T01:39:34 CDT" name="Suite" finished-at="2025-06-27T01:40:19 CDT" duration-ms="44725">
    <groups>
      <group name="cucumber">
        <method signature="AbstractTestNGCucumberTests.runScenario(io.cucumber.testng.PickleWrapper,io.cucumber.testng.FeatureWrapper)[pri:0, instance:testRunner.TestRunner@6e6d5d29]" name="runScenario" class="io.cucumber.testng.AbstractTestNGCucumberTests"/>
        <method signature="AbstractTestNGCucumberTests.runScenario(io.cucumber.testng.PickleWrapper,io.cucumber.testng.FeatureWrapper)[pri:0, instance:testRunner.TestRunner@278bb07e]" name="runScenario" class="io.cucumber.testng.AbstractTestNGCucumberTests"/>
        <method signature="AbstractTestNGCucumberTests.runScenario(io.cucumber.testng.PickleWrapper,io.cucumber.testng.FeatureWrapper)[pri:0, instance:testRunner.TestRunner@3381b4fc]" name="runScenario" class="io.cucumber.testng.AbstractTestNGCucumberTests"/>
      </group> <!-- cucumber -->
    </groups>
    <test started-at="2025-06-27T01:39:34 CDT" name="TestFirefox" finished-at="2025-06-27T01:40:01 CDT" duration-ms="26704">
      <class name="testRunner.TestRunner">
        <test-method is-config="true" signature="defineBrowser(java.lang.String)[pri:0, instance:testRunner.TestRunner@6e6d5d29]" started-at="2025-06-27T01:39:34 CDT" name="defineBrowser" finished-at="2025-06-27T01:39:34 CDT" duration-ms="17" status="PASS">
          <params>
            <param index="0">
              <value>
                <![CDATA[firefox]]>
              </value>
            </param>
          </params>
          <reporter-output>
          </reporter-output>
        </test-method> <!-- defineBrowser -->
        <test-method is-config="true" signature="setUpClass(org.testng.ITestContext)[pri:0, instance:testRunner.TestRunner@6e6d5d29]" started-at="2025-06-27T01:39:34 CDT" name="setUpClass" finished-at="2025-06-27T01:39:44 CDT" duration-ms="9294" status="PASS">
          <params>
            <param index="0">
              <value>
                <![CDATA[org.testng.TestRunner@52559a69]]>
              </value>
            </param>
          </params>
          <reporter-output>
          </reporter-output>
        </test-method> <!-- setUpClass -->
        <test-method signature="runScenario(io.cucumber.testng.PickleWrapper,io.cucumber.testng.FeatureWrapper)[pri:0, instance:testRunner.TestRunner@6e6d5d29]" started-at="2025-06-27T01:39:44 CDT" name="runScenario" description="Runs Cucumber Scenarios" data-provider="scenarios" finished-at="2025-06-27T01:39:59 CDT" duration-ms="14917" status="PASS">
          <params>
            <param index="0">
              <value>
                <![CDATA["Verify the logo is displayed in the top-left corner"]]>
              </value>
            </param>
            <param index="1">
              <value>
                <![CDATA["UI and Functionality of HOME page"]]>
              </value>
            </param>
          </params>
          <reporter-output>
          </reporter-output>
        </test-method> <!-- runScenario -->
        <test-method signature="runScenario(io.cucumber.testng.PickleWrapper,io.cucumber.testng.FeatureWrapper)[pri:0, instance:testRunner.TestRunner@6e6d5d29]" started-at="2025-06-27T01:39:44 CDT" name="runScenario" description="Runs Cucumber Scenarios" data-provider="scenarios" finished-at="2025-06-27T01:39:58 CDT" duration-ms="14237" status="PASS">
          <params>
            <param index="0">
              <value>
                <![CDATA["Verify navigated page title after clicking nav link"]]>
              </value>
            </param>
            <param index="1">
              <value>
                <![CDATA["UI and Functionality of HOME page"]]>
              </value>
            </param>
          </params>
          <reporter-output>
          </reporter-output>
        </test-method> <!-- runScenario -->
        <test-method signature="runScenario(io.cucumber.testng.PickleWrapper,io.cucumber.testng.FeatureWrapper)[pri:0, instance:testRunner.TestRunner@6e6d5d29]" started-at="2025-06-27T01:39:44 CDT" name="runScenario" description="Runs Cucumber Scenarios" data-provider="scenarios" finished-at="2025-06-27T01:40:01 CDT" duration-ms="16872" status="PASS">
          <params>
            <param index="0">
              <value>
                <![CDATA["Verify navigated page title after clicking nav link"]]>
              </value>
            </param>
            <param index="1">
              <value>
                <![CDATA["UI and Functionality of HOME page"]]>
              </value>
            </param>
          </params>
          <reporter-output>
          </reporter-output>
        </test-method> <!-- runScenario -->
        <test-method signature="runScenario(io.cucumber.testng.PickleWrapper,io.cucumber.testng.FeatureWrapper)[pri:0, instance:testRunner.TestRunner@6e6d5d29]" started-at="2025-06-27T01:39:44 CDT" name="runScenario" description="Runs Cucumber Scenarios" data-provider="scenarios" finished-at="2025-06-27T01:39:59 CDT" duration-ms="15504" status="PASS">
          <params>
            <param index="0">
              <value>
                <![CDATA["Verify navigated page title after clicking nav link"]]>
              </value>
            </param>
            <param index="1">
              <value>
                <![CDATA["UI and Functionality of HOME page"]]>
              </value>
            </param>
          </params>
          <reporter-output>
          </reporter-output>
        </test-method> <!-- runScenario -->
        <test-method signature="runScenario(io.cucumber.testng.PickleWrapper,io.cucumber.testng.FeatureWrapper)[pri:0, instance:testRunner.TestRunner@6e6d5d29]" started-at="2025-06-27T01:39:44 CDT" name="runScenario" description="Runs Cucumber Scenarios" data-provider="scenarios" finished-at="2025-06-27T01:39:44 CDT" duration-ms="364" status="PASS">
          <params>
            <param index="0">
              <value>
                <![CDATA["Verify navigat using Tab key"]]>
              </value>
            </param>
            <param index="1">
              <value>
                <![CDATA["UI and Functionality of HOME page"]]>
              </value>
            </param>
          </params>
          <reporter-output>
          </reporter-output>
        </test-method> <!-- runScenario -->
        <test-method signature="runScenario(io.cucumber.testng.PickleWrapper,io.cucumber.testng.FeatureWrapper)[pri:0, instance:testRunner.TestRunner@6e6d5d29]" started-at="2025-06-27T01:39:44 CDT" name="runScenario" description="Runs Cucumber Scenarios" data-provider="scenarios" finished-at="2025-06-27T01:39:57 CDT" duration-ms="13292" status="PASS">
          <params>
            <param index="0">
              <value>
                <![CDATA["Verify navigated page title after clicking nav link"]]>
              </value>
            </param>
            <param index="1">
              <value>
                <![CDATA["UI and Functionality of HOME page"]]>
              </value>
            </param>
          </params>
          <reporter-output>
          </reporter-output>
        </test-method> <!-- runScenario -->
        <test-method signature="runScenario(io.cucumber.testng.PickleWrapper,io.cucumber.testng.FeatureWrapper)[pri:0, instance:testRunner.TestRunner@6e6d5d29]" started-at="2025-06-27T01:39:44 CDT" name="runScenario" description="Runs Cucumber Scenarios" data-provider="scenarios" finished-at="2025-06-27T01:39:56 CDT" duration-ms="11947" status="PASS">
          <params>
            <param index="0">
              <value>
                <![CDATA["Verify Click CTA buttons"]]>
              </value>
            </param>
            <param index="1">
              <value>
                <![CDATA["UI and Functionality of HOME page"]]>
              </value>
            </param>
          </params>
          <reporter-output>
          </reporter-output>
        </test-method> <!-- runScenario -->
        <test-method signature="runScenario(io.cucumber.testng.PickleWrapper,io.cucumber.testng.FeatureWrapper)[pri:0, instance:testRunner.TestRunner@6e6d5d29]" started-at="2025-06-27T01:39:44 CDT" name="runScenario" description="Runs Cucumber Scenarios" data-provider="scenarios" finished-at="2025-06-27T01:40:00 CDT" duration-ms="15904" status="PASS">
          <params>
            <param index="0">
              <value>
                <![CDATA["Verify the navigation bar items are present"]]>
              </value>
            </param>
            <param index="1">
              <value>
                <![CDATA["UI and Functionality of HOME page"]]>
              </value>
            </param>
          </params>
          <reporter-output>
          </reporter-output>
        </test-method> <!-- runScenario -->
        <test-method is-config="true" signature="tearDownClass()[pri:0, instance:testRunner.TestRunner@6e6d5d29]" started-at="2025-06-27T01:40:01 CDT" name="tearDownClass" finished-at="2025-06-27T01:40:01 CDT" duration-ms="451" status="PASS">
          <reporter-output>
          </reporter-output>
        </test-method> <!-- tearDownClass -->
      </class> <!-- testRunner.TestRunner -->
    </test> <!-- TestFirefox -->
    <test started-at="2025-06-27T01:40:01 CDT" name="TestEdge" finished-at="2025-06-27T01:40:12 CDT" duration-ms="10758">
      <class name="testRunner.TestRunner">
        <test-method is-config="true" signature="defineBrowser(java.lang.String)[pri:0, instance:testRunner.TestRunner@278bb07e]" started-at="2025-06-27T01:40:01 CDT" name="defineBrowser" finished-at="2025-06-27T01:40:01 CDT" duration-ms="0" status="PASS">
          <params>
            <param index="0">
              <value>
                <![CDATA[edge]]>
              </value>
            </param>
          </params>
          <reporter-output>
          </reporter-output>
        </test-method> <!-- defineBrowser -->
        <test-method is-config="true" signature="setUpClass(org.testng.ITestContext)[pri:0, instance:testRunner.TestRunner@278bb07e]" started-at="2025-06-27T01:40:01 CDT" name="setUpClass" finished-at="2025-06-27T01:40:01 CDT" duration-ms="79" status="PASS">
          <params>
            <param index="0">
              <value>
                <![CDATA[org.testng.TestRunner@285583d4]]>
              </value>
            </param>
          </params>
          <reporter-output>
          </reporter-output>
        </test-method> <!-- setUpClass -->
        <test-method signature="runScenario(io.cucumber.testng.PickleWrapper,io.cucumber.testng.FeatureWrapper)[pri:0, instance:testRunner.TestRunner@278bb07e]" started-at="2025-06-27T01:40:01 CDT" name="runScenario" description="Runs Cucumber Scenarios" data-provider="scenarios" finished-at="2025-06-27T01:40:12 CDT" duration-ms="10426" status="PASS">
          <params>
            <param index="0">
              <value>
                <![CDATA["Verify navigated page title after clicking nav link"]]>
              </value>
            </param>
            <param index="1">
              <value>
                <![CDATA["UI and Functionality of HOME page"]]>
              </value>
            </param>
          </params>
          <reporter-output>
          </reporter-output>
        </test-method> <!-- runScenario -->
        <test-method signature="runScenario(io.cucumber.testng.PickleWrapper,io.cucumber.testng.FeatureWrapper)[pri:0, instance:testRunner.TestRunner@278bb07e]" started-at="2025-06-27T01:40:01 CDT" name="runScenario" description="Runs Cucumber Scenarios" data-provider="scenarios" finished-at="2025-06-27T01:40:11 CDT" duration-ms="9439" status="PASS">
          <params>
            <param index="0">
              <value>
                <![CDATA["Verify the logo is displayed in the top-left corner"]]>
              </value>
            </param>
            <param index="1">
              <value>
                <![CDATA["UI and Functionality of HOME page"]]>
              </value>
            </param>
          </params>
          <reporter-output>
          </reporter-output>
        </test-method> <!-- runScenario -->
        <test-method signature="runScenario(io.cucumber.testng.PickleWrapper,io.cucumber.testng.FeatureWrapper)[pri:0, instance:testRunner.TestRunner@278bb07e]" started-at="2025-06-27T01:40:01 CDT" name="runScenario" description="Runs Cucumber Scenarios" data-provider="scenarios" finished-at="2025-06-27T01:40:12 CDT" duration-ms="10448" status="PASS">
          <params>
            <param index="0">
              <value>
                <![CDATA["Verify navigated page title after clicking nav link"]]>
              </value>
            </param>
            <param index="1">
              <value>
                <![CDATA["UI and Functionality of HOME page"]]>
              </value>
            </param>
          </params>
          <reporter-output>
          </reporter-output>
        </test-method> <!-- runScenario -->
        <test-method signature="runScenario(io.cucumber.testng.PickleWrapper,io.cucumber.testng.FeatureWrapper)[pri:0, instance:testRunner.TestRunner@278bb07e]" started-at="2025-06-27T01:40:01 CDT" name="runScenario" description="Runs Cucumber Scenarios" data-provider="scenarios" finished-at="2025-06-27T01:40:10 CDT" duration-ms="8690" status="PASS">
          <params>
            <param index="0">
              <value>
                <![CDATA["Verify navigated page title after clicking nav link"]]>
              </value>
            </param>
            <param index="1">
              <value>
                <![CDATA["UI and Functionality of HOME page"]]>
              </value>
            </param>
          </params>
          <reporter-output>
          </reporter-output>
        </test-method> <!-- runScenario -->
        <test-method signature="runScenario(io.cucumber.testng.PickleWrapper,io.cucumber.testng.FeatureWrapper)[pri:0, instance:testRunner.TestRunner@278bb07e]" started-at="2025-06-27T01:40:01 CDT" name="runScenario" description="Runs Cucumber Scenarios" data-provider="scenarios" finished-at="2025-06-27T01:40:12 CDT" duration-ms="10329" status="PASS">
          <params>
            <param index="0">
              <value>
                <![CDATA["Verify navigated page title after clicking nav link"]]>
              </value>
            </param>
            <param index="1">
              <value>
                <![CDATA["UI and Functionality of HOME page"]]>
              </value>
            </param>
          </params>
          <reporter-output>
          </reporter-output>
        </test-method> <!-- runScenario -->
        <test-method signature="runScenario(io.cucumber.testng.PickleWrapper,io.cucumber.testng.FeatureWrapper)[pri:0, instance:testRunner.TestRunner@278bb07e]" started-at="2025-06-27T01:40:01 CDT" name="runScenario" description="Runs Cucumber Scenarios" data-provider="scenarios" finished-at="2025-06-27T01:40:12 CDT" duration-ms="10597" status="PASS">
          <params>
            <param index="0">
              <value>
                <![CDATA["Verify Click CTA buttons"]]>
              </value>
            </param>
            <param index="1">
              <value>
                <![CDATA["UI and Functionality of HOME page"]]>
              </value>
            </param>
          </params>
          <reporter-output>
          </reporter-output>
        </test-method> <!-- runScenario -->
        <test-method signature="runScenario(io.cucumber.testng.PickleWrapper,io.cucumber.testng.FeatureWrapper)[pri:0, instance:testRunner.TestRunner@278bb07e]" started-at="2025-06-27T01:40:01 CDT" name="runScenario" description="Runs Cucumber Scenarios" data-provider="scenarios" finished-at="2025-06-27T01:40:11 CDT" duration-ms="9772" status="PASS">
          <params>
            <param index="0">
              <value>
                <![CDATA["Verify the navigation bar items are present"]]>
              </value>
            </param>
            <param index="1">
              <value>
                <![CDATA["UI and Functionality of HOME page"]]>
              </value>
            </param>
          </params>
          <reporter-output>
          </reporter-output>
        </test-method> <!-- runScenario -->
        <test-method signature="runScenario(io.cucumber.testng.PickleWrapper,io.cucumber.testng.FeatureWrapper)[pri:0, instance:testRunner.TestRunner@278bb07e]" started-at="2025-06-27T01:40:01 CDT" name="runScenario" description="Runs Cucumber Scenarios" data-provider="scenarios" finished-at="2025-06-27T01:40:01 CDT" duration-ms="63" status="PASS">
          <params>
            <param index="0">
              <value>
                <![CDATA["Verify navigat using Tab key"]]>
              </value>
            </param>
            <param index="1">
              <value>
                <![CDATA["UI and Functionality of HOME page"]]>
              </value>
            </param>
          </params>
          <reporter-output>
          </reporter-output>
        </test-method> <!-- runScenario -->
        <test-method is-config="true" signature="tearDownClass()[pri:0, instance:testRunner.TestRunner@278bb07e]" started-at="2025-06-27T01:40:12 CDT" name="tearDownClass" finished-at="2025-06-27T01:40:12 CDT" duration-ms="57" status="PASS">
          <reporter-output>
          </reporter-output>
        </test-method> <!-- tearDownClass -->
      </class> <!-- testRunner.TestRunner -->
    </test> <!-- TestEdge -->
    <test started-at="2025-06-27T01:40:12 CDT" name="TestChrome" finished-at="2025-06-27T01:40:19 CDT" duration-ms="7196">
      <class name="testRunner.TestRunner">
        <test-method is-config="true" signature="defineBrowser(java.lang.String)[pri:0, instance:testRunner.TestRunner@3381b4fc]" started-at="2025-06-27T01:40:12 CDT" name="defineBrowser" finished-at="2025-06-27T01:40:12 CDT" duration-ms="2" status="PASS">
          <params>
            <param index="0">
              <value>
                <![CDATA[chrome]]>
              </value>
            </param>
          </params>
          <reporter-output>
          </reporter-output>
        </test-method> <!-- defineBrowser -->
        <test-method is-config="true" signature="setUpClass(org.testng.ITestContext)[pri:0, instance:testRunner.TestRunner@3381b4fc]" started-at="2025-06-27T01:40:12 CDT" name="setUpClass" finished-at="2025-06-27T01:40:12 CDT" duration-ms="43" status="PASS">
          <params>
            <param index="0">
              <value>
                <![CDATA[org.testng.TestRunner@1039bfc4]]>
              </value>
            </param>
          </params>
          <reporter-output>
          </reporter-output>
        </test-method> <!-- setUpClass -->
        <test-method signature="runScenario(io.cucumber.testng.PickleWrapper,io.cucumber.testng.FeatureWrapper)[pri:0, instance:testRunner.TestRunner@3381b4fc]" started-at="2025-06-27T01:40:12 CDT" name="runScenario" description="Runs Cucumber Scenarios" data-provider="scenarios" finished-at="2025-06-27T01:40:19 CDT" duration-ms="6801" status="PASS">
          <params>
            <param index="0">
              <value>
                <![CDATA["Verify the navigation bar items are present"]]>
              </value>
            </param>
            <param index="1">
              <value>
                <![CDATA["UI and Functionality of HOME page"]]>
              </value>
            </param>
          </params>
          <reporter-output>
          </reporter-output>
        </test-method> <!-- runScenario -->
        <test-method signature="runScenario(io.cucumber.testng.PickleWrapper,io.cucumber.testng.FeatureWrapper)[pri:0, instance:testRunner.TestRunner@3381b4fc]" started-at="2025-06-27T01:40:12 CDT" name="runScenario" description="Runs Cucumber Scenarios" data-provider="scenarios" finished-at="2025-06-27T01:40:19 CDT" duration-ms="6882" status="PASS">
          <params>
            <param index="0">
              <value>
                <![CDATA["Verify navigated page title after clicking nav link"]]>
              </value>
            </param>
            <param index="1">
              <value>
                <![CDATA["UI and Functionality of HOME page"]]>
              </value>
            </param>
          </params>
          <reporter-output>
          </reporter-output>
        </test-method> <!-- runScenario -->
        <test-method signature="runScenario(io.cucumber.testng.PickleWrapper,io.cucumber.testng.FeatureWrapper)[pri:0, instance:testRunner.TestRunner@3381b4fc]" started-at="2025-06-27T01:40:12 CDT" name="runScenario" description="Runs Cucumber Scenarios" data-provider="scenarios" finished-at="2025-06-27T01:40:19 CDT" duration-ms="6794" status="PASS">
          <params>
            <param index="0">
              <value>
                <![CDATA["Verify the logo is displayed in the top-left corner"]]>
              </value>
            </param>
            <param index="1">
              <value>
                <![CDATA["UI and Functionality of HOME page"]]>
              </value>
            </param>
          </params>
          <reporter-output>
          </reporter-output>
        </test-method> <!-- runScenario -->
        <test-method signature="runScenario(io.cucumber.testng.PickleWrapper,io.cucumber.testng.FeatureWrapper)[pri:0, instance:testRunner.TestRunner@3381b4fc]" started-at="2025-06-27T01:40:12 CDT" name="runScenario" description="Runs Cucumber Scenarios" data-provider="scenarios" finished-at="2025-06-27T01:40:19 CDT" duration-ms="6905" status="PASS">
          <params>
            <param index="0">
              <value>
                <![CDATA["Verify navigated page title after clicking nav link"]]>
              </value>
            </param>
            <param index="1">
              <value>
                <![CDATA["UI and Functionality of HOME page"]]>
              </value>
            </param>
          </params>
          <reporter-output>
          </reporter-output>
        </test-method> <!-- runScenario -->
        <test-method signature="runScenario(io.cucumber.testng.PickleWrapper,io.cucumber.testng.FeatureWrapper)[pri:0, instance:testRunner.TestRunner@3381b4fc]" started-at="2025-06-27T01:40:12 CDT" name="runScenario" description="Runs Cucumber Scenarios" data-provider="scenarios" finished-at="2025-06-27T01:40:19 CDT" duration-ms="6807" status="PASS">
          <params>
            <param index="0">
              <value>
                <![CDATA["Verify navigated page title after clicking nav link"]]>
              </value>
            </param>
            <param index="1">
              <value>
                <![CDATA["UI and Functionality of HOME page"]]>
              </value>
            </param>
          </params>
          <reporter-output>
          </reporter-output>
        </test-method> <!-- runScenario -->
        <test-method signature="runScenario(io.cucumber.testng.PickleWrapper,io.cucumber.testng.FeatureWrapper)[pri:0, instance:testRunner.TestRunner@3381b4fc]" started-at="2025-06-27T01:40:12 CDT" name="runScenario" description="Runs Cucumber Scenarios" data-provider="scenarios" finished-at="2025-06-27T01:40:19 CDT" duration-ms="6795" status="PASS">
          <params>
            <param index="0">
              <value>
                <![CDATA["Verify navigated page title after clicking nav link"]]>
              </value>
            </param>
            <param index="1">
              <value>
                <![CDATA["UI and Functionality of HOME page"]]>
              </value>
            </param>
          </params>
          <reporter-output>
          </reporter-output>
        </test-method> <!-- runScenario -->
        <test-method signature="runScenario(io.cucumber.testng.PickleWrapper,io.cucumber.testng.FeatureWrapper)[pri:0, instance:testRunner.TestRunner@3381b4fc]" started-at="2025-06-27T01:40:12 CDT" name="runScenario" description="Runs Cucumber Scenarios" data-provider="scenarios" finished-at="2025-06-27T01:40:19 CDT" duration-ms="7086" status="PASS">
          <params>
            <param index="0">
              <value>
                <![CDATA["Verify Click CTA buttons"]]>
              </value>
            </param>
            <param index="1">
              <value>
                <![CDATA["UI and Functionality of HOME page"]]>
              </value>
            </param>
          </params>
          <reporter-output>
          </reporter-output>
        </test-method> <!-- runScenario -->
        <test-method signature="runScenario(io.cucumber.testng.PickleWrapper,io.cucumber.testng.FeatureWrapper)[pri:0, instance:testRunner.TestRunner@3381b4fc]" started-at="2025-06-27T01:40:12 CDT" name="runScenario" description="Runs Cucumber Scenarios" data-provider="scenarios" finished-at="2025-06-27T01:40:12 CDT" duration-ms="131" status="PASS">
          <params>
            <param index="0">
              <value>
                <![CDATA["Verify navigat using Tab key"]]>
              </value>
            </param>
            <param index="1">
              <value>
                <![CDATA["UI and Functionality of HOME page"]]>
              </value>
            </param>
          </params>
          <reporter-output>
          </reporter-output>
        </test-method> <!-- runScenario -->
        <test-method is-config="true" signature="tearDownClass()[pri:0, instance:testRunner.TestRunner@3381b4fc]" started-at="2025-06-27T01:40:19 CDT" name="tearDownClass" finished-at="2025-06-27T01:40:19 CDT" duration-ms="51" status="PASS">
          <reporter-output>
          </reporter-output>
        </test-method> <!-- tearDownClass -->
      </class> <!-- testRunner.TestRunner -->
    </test> <!-- TestChrome -->
  </suite> <!-- Suite -->
</testng-results>
