<?xml version="1.0" encoding="UTF-8"?>
<testng-results ignored="0" total="24" passed="24" failed="0" skipped="0">
  <reporter-output>
  </reporter-output>
  <suite started-at="2025-06-27T00:47:22 CDT" name="Suite" finished-at="2025-06-27T00:48:59 CDT" duration-ms="96924">
    <groups>
      <group name="cucumber">
        <method signature="AbstractTestNGCucumberTests.runScenario(io.cucumber.testng.PickleWrapper,io.cucumber.testng.FeatureWrapper)[pri:0, instance:testRunner.TestRunner@6e6d5d29]" name="runScenario" class="io.cucumber.testng.AbstractTestNGCucumberTests"/>
        <method signature="AbstractTestNGCucumberTests.runScenario(io.cucumber.testng.PickleWrapper,io.cucumber.testng.FeatureWrapper)[pri:0, instance:testRunner.TestRunner@278bb07e]" name="runScenario" class="io.cucumber.testng.AbstractTestNGCucumberTests"/>
        <method signature="AbstractTestNGCucumberTests.runScenario(io.cucumber.testng.PickleWrapper,io.cucumber.testng.FeatureWrapper)[pri:0, instance:testRunner.TestRunner@3381b4fc]" name="runScenario" class="io.cucumber.testng.AbstractTestNGCucumberTests"/>
      </group> <!-- cucumber -->
    </groups>
    <test started-at="2025-06-27T00:47:22 CDT" name="TestFirefox" finished-at="2025-06-27T00:48:09 CDT" duration-ms="46628">
      <class name="testRunner.TestRunner">
        <test-method is-config="true" signature="defineBrowser(java.lang.String)[pri:0, instance:testRunner.TestRunner@6e6d5d29]" started-at="2025-06-27T00:47:22 CDT" name="defineBrowser" finished-at="2025-06-27T00:47:22 CDT" duration-ms="11" status="PASS">
          <params>
            <param index="0">
              <value>
                <![CDATA[firefox]]>
              </value>
            </param>
          </params>
          <reporter-output>
          </reporter-output>
        </test-method> <!-- defineBrowser -->
        <test-method is-config="true" signature="setUpClass(org.testng.ITestContext)[pri:0, instance:testRunner.TestRunner@6e6d5d29]" started-at="2025-06-27T00:47:22 CDT" name="setUpClass" finished-at="2025-06-27T00:47:31 CDT" duration-ms="8990" status="PASS">
          <params>
            <param index="0">
              <value>
                <![CDATA[org.testng.TestRunner@52559a69]]>
              </value>
            </param>
          </params>
          <reporter-output>
          </reporter-output>
        </test-method> <!-- setUpClass -->
        <test-method signature="runScenario(io.cucumber.testng.PickleWrapper,io.cucumber.testng.FeatureWrapper)[pri:0, instance:testRunner.TestRunner@6e6d5d29]" started-at="2025-06-27T00:47:31 CDT" name="runScenario" description="Runs Cucumber Scenarios" data-provider="scenarios" finished-at="2025-06-27T00:47:54 CDT" duration-ms="22870" status="PASS">
          <params>
            <param index="0">
              <value>
                <![CDATA["Verify Click CTA buttons"]]>
              </value>
            </param>
            <param index="1">
              <value>
                <![CDATA["UI and Functionality of HOME page"]]>
              </value>
            </param>
          </params>
          <reporter-output>
          </reporter-output>
        </test-method> <!-- runScenario -->
        <test-method signature="runScenario(io.cucumber.testng.PickleWrapper,io.cucumber.testng.FeatureWrapper)[pri:0, instance:testRunner.TestRunner@6e6d5d29]" started-at="2025-06-27T00:47:31 CDT" name="runScenario" description="Runs Cucumber Scenarios" data-provider="scenarios" finished-at="2025-06-27T00:47:59 CDT" duration-ms="27545" status="PASS">
          <params>
            <param index="0">
              <value>
                <![CDATA["Verify the navigation bar items are present"]]>
              </value>
            </param>
            <param index="1">
              <value>
                <![CDATA["UI and Functionality of HOME page"]]>
              </value>
            </param>
          </params>
          <reporter-output>
          </reporter-output>
        </test-method> <!-- runScenario -->
        <test-method signature="runScenario(io.cucumber.testng.PickleWrapper,io.cucumber.testng.FeatureWrapper)[pri:0, instance:testRunner.TestRunner@6e6d5d29]" started-at="2025-06-27T00:47:31 CDT" name="runScenario" description="Runs Cucumber Scenarios" data-provider="scenarios" finished-at="2025-06-27T00:48:07 CDT" duration-ms="35196" status="PASS">
          <params>
            <param index="0">
              <value>
                <![CDATA["Verify navigated page title after clicking nav link"]]>
              </value>
            </param>
            <param index="1">
              <value>
                <![CDATA["UI and Functionality of HOME page"]]>
              </value>
            </param>
          </params>
          <reporter-output>
          </reporter-output>
        </test-method> <!-- runScenario -->
        <test-method signature="runScenario(io.cucumber.testng.PickleWrapper,io.cucumber.testng.FeatureWrapper)[pri:0, instance:testRunner.TestRunner@6e6d5d29]" started-at="2025-06-27T00:47:31 CDT" name="runScenario" description="Runs Cucumber Scenarios" data-provider="scenarios" finished-at="2025-06-27T00:47:32 CDT" duration-ms="202" status="PASS">
          <params>
            <param index="0">
              <value>
                <![CDATA["Verify navigat using Tab key"]]>
              </value>
            </param>
            <param index="1">
              <value>
                <![CDATA["UI and Functionality of HOME page"]]>
              </value>
            </param>
          </params>
          <reporter-output>
          </reporter-output>
        </test-method> <!-- runScenario -->
        <test-method signature="runScenario(io.cucumber.testng.PickleWrapper,io.cucumber.testng.FeatureWrapper)[pri:0, instance:testRunner.TestRunner@6e6d5d29]" started-at="2025-06-27T00:47:31 CDT" name="runScenario" description="Runs Cucumber Scenarios" data-provider="scenarios" finished-at="2025-06-27T00:48:09 CDT" duration-ms="37289" status="PASS">
          <params>
            <param index="0">
              <value>
                <![CDATA["Verify navigated page title after clicking nav link"]]>
              </value>
            </param>
            <param index="1">
              <value>
                <![CDATA["UI and Functionality of HOME page"]]>
              </value>
            </param>
          </params>
          <reporter-output>
          </reporter-output>
        </test-method> <!-- runScenario -->
        <test-method signature="runScenario(io.cucumber.testng.PickleWrapper,io.cucumber.testng.FeatureWrapper)[pri:0, instance:testRunner.TestRunner@6e6d5d29]" started-at="2025-06-27T00:47:31 CDT" name="runScenario" description="Runs Cucumber Scenarios" data-provider="scenarios" finished-at="2025-06-27T00:47:58 CDT" duration-ms="26463" status="PASS">
          <params>
            <param index="0">
              <value>
                <![CDATA["Verify navigated page title after clicking nav link"]]>
              </value>
            </param>
            <param index="1">
              <value>
                <![CDATA["UI and Functionality of HOME page"]]>
              </value>
            </param>
          </params>
          <reporter-output>
          </reporter-output>
        </test-method> <!-- runScenario -->
        <test-method signature="runScenario(io.cucumber.testng.PickleWrapper,io.cucumber.testng.FeatureWrapper)[pri:0, instance:testRunner.TestRunner@6e6d5d29]" started-at="2025-06-27T00:47:31 CDT" name="runScenario" description="Runs Cucumber Scenarios" data-provider="scenarios" finished-at="2025-06-27T00:48:01 CDT" duration-ms="29878" status="PASS">
          <params>
            <param index="0">
              <value>
                <![CDATA["Verify the logo is displayed in the top-left corner"]]>
              </value>
            </param>
            <param index="1">
              <value>
                <![CDATA["UI and Functionality of HOME page"]]>
              </value>
            </param>
          </params>
          <reporter-output>
          </reporter-output>
        </test-method> <!-- runScenario -->
        <test-method signature="runScenario(io.cucumber.testng.PickleWrapper,io.cucumber.testng.FeatureWrapper)[pri:0, instance:testRunner.TestRunner@6e6d5d29]" started-at="2025-06-27T00:47:31 CDT" name="runScenario" description="Runs Cucumber Scenarios" data-provider="scenarios" finished-at="2025-06-27T00:47:54 CDT" duration-ms="22903" status="PASS">
          <params>
            <param index="0">
              <value>
                <![CDATA["Verify navigated page title after clicking nav link"]]>
              </value>
            </param>
            <param index="1">
              <value>
                <![CDATA["UI and Functionality of HOME page"]]>
              </value>
            </param>
          </params>
          <reporter-output>
          </reporter-output>
        </test-method> <!-- runScenario -->
        <test-method is-config="true" signature="tearDownClass()[pri:0, instance:testRunner.TestRunner@6e6d5d29]" started-at="2025-06-27T00:48:09 CDT" name="tearDownClass" finished-at="2025-06-27T00:48:09 CDT" duration-ms="301" status="PASS">
          <reporter-output>
          </reporter-output>
        </test-method> <!-- tearDownClass -->
      </class> <!-- testRunner.TestRunner -->
    </test> <!-- TestFirefox -->
    <test started-at="2025-06-27T00:48:09 CDT" name="TestEdge" finished-at="2025-06-27T00:48:39 CDT" duration-ms="30399">
      <class name="testRunner.TestRunner">
        <test-method is-config="true" signature="defineBrowser(java.lang.String)[pri:0, instance:testRunner.TestRunner@278bb07e]" started-at="2025-06-27T00:48:09 CDT" name="defineBrowser" finished-at="2025-06-27T00:48:09 CDT" duration-ms="2" status="PASS">
          <params>
            <param index="0">
              <value>
                <![CDATA[edge]]>
              </value>
            </param>
          </params>
          <reporter-output>
          </reporter-output>
        </test-method> <!-- defineBrowser -->
        <test-method is-config="true" signature="setUpClass(org.testng.ITestContext)[pri:0, instance:testRunner.TestRunner@278bb07e]" started-at="2025-06-27T00:48:09 CDT" name="setUpClass" finished-at="2025-06-27T00:48:09 CDT" duration-ms="44" status="PASS">
          <params>
            <param index="0">
              <value>
                <![CDATA[org.testng.TestRunner@285583d4]]>
              </value>
            </param>
          </params>
          <reporter-output>
          </reporter-output>
        </test-method> <!-- setUpClass -->
        <test-method signature="runScenario(io.cucumber.testng.PickleWrapper,io.cucumber.testng.FeatureWrapper)[pri:0, instance:testRunner.TestRunner@278bb07e]" started-at="2025-06-27T00:48:09 CDT" name="runScenario" description="Runs Cucumber Scenarios" data-provider="scenarios" finished-at="2025-06-27T00:48:39 CDT" duration-ms="30179" status="PASS">
          <params>
            <param index="0">
              <value>
                <![CDATA["Verify the navigation bar items are present"]]>
              </value>
            </param>
            <param index="1">
              <value>
                <![CDATA["UI and Functionality of HOME page"]]>
              </value>
            </param>
          </params>
          <reporter-output>
          </reporter-output>
        </test-method> <!-- runScenario -->
        <test-method signature="runScenario(io.cucumber.testng.PickleWrapper,io.cucumber.testng.FeatureWrapper)[pri:0, instance:testRunner.TestRunner@278bb07e]" started-at="2025-06-27T00:48:09 CDT" name="runScenario" description="Runs Cucumber Scenarios" data-provider="scenarios" finished-at="2025-06-27T00:48:39 CDT" duration-ms="30173" status="PASS">
          <params>
            <param index="0">
              <value>
                <![CDATA["Verify the logo is displayed in the top-left corner"]]>
              </value>
            </param>
            <param index="1">
              <value>
                <![CDATA["UI and Functionality of HOME page"]]>
              </value>
            </param>
          </params>
          <reporter-output>
          </reporter-output>
        </test-method> <!-- runScenario -->
        <test-method signature="runScenario(io.cucumber.testng.PickleWrapper,io.cucumber.testng.FeatureWrapper)[pri:0, instance:testRunner.TestRunner@278bb07e]" started-at="2025-06-27T00:48:09 CDT" name="runScenario" description="Runs Cucumber Scenarios" data-provider="scenarios" finished-at="2025-06-27T00:48:39 CDT" duration-ms="30169" status="PASS">
          <params>
            <param index="0">
              <value>
                <![CDATA["Verify navigated page title after clicking nav link"]]>
              </value>
            </param>
            <param index="1">
              <value>
                <![CDATA["UI and Functionality of HOME page"]]>
              </value>
            </param>
          </params>
          <reporter-output>
          </reporter-output>
        </test-method> <!-- runScenario -->
        <test-method signature="runScenario(io.cucumber.testng.PickleWrapper,io.cucumber.testng.FeatureWrapper)[pri:0, instance:testRunner.TestRunner@278bb07e]" started-at="2025-06-27T00:48:09 CDT" name="runScenario" description="Runs Cucumber Scenarios" data-provider="scenarios" finished-at="2025-06-27T00:48:39 CDT" duration-ms="30301" status="PASS">
          <params>
            <param index="0">
              <value>
                <![CDATA["Verify navigated page title after clicking nav link"]]>
              </value>
            </param>
            <param index="1">
              <value>
                <![CDATA["UI and Functionality of HOME page"]]>
              </value>
            </param>
          </params>
          <reporter-output>
          </reporter-output>
        </test-method> <!-- runScenario -->
        <test-method signature="runScenario(io.cucumber.testng.PickleWrapper,io.cucumber.testng.FeatureWrapper)[pri:0, instance:testRunner.TestRunner@278bb07e]" started-at="2025-06-27T00:48:09 CDT" name="runScenario" description="Runs Cucumber Scenarios" data-provider="scenarios" finished-at="2025-06-27T00:48:39 CDT" duration-ms="30084" status="PASS">
          <params>
            <param index="0">
              <value>
                <![CDATA["Verify navigated page title after clicking nav link"]]>
              </value>
            </param>
            <param index="1">
              <value>
                <![CDATA["UI and Functionality of HOME page"]]>
              </value>
            </param>
          </params>
          <reporter-output>
          </reporter-output>
        </test-method> <!-- runScenario -->
        <test-method signature="runScenario(io.cucumber.testng.PickleWrapper,io.cucumber.testng.FeatureWrapper)[pri:0, instance:testRunner.TestRunner@278bb07e]" started-at="2025-06-27T00:48:09 CDT" name="runScenario" description="Runs Cucumber Scenarios" data-provider="scenarios" finished-at="2025-06-27T00:48:39 CDT" duration-ms="30203" status="PASS">
          <params>
            <param index="0">
              <value>
                <![CDATA["Verify navigated page title after clicking nav link"]]>
              </value>
            </param>
            <param index="1">
              <value>
                <![CDATA["UI and Functionality of HOME page"]]>
              </value>
            </param>
          </params>
          <reporter-output>
          </reporter-output>
        </test-method> <!-- runScenario -->
        <test-method signature="runScenario(io.cucumber.testng.PickleWrapper,io.cucumber.testng.FeatureWrapper)[pri:0, instance:testRunner.TestRunner@278bb07e]" started-at="2025-06-27T00:48:09 CDT" name="runScenario" description="Runs Cucumber Scenarios" data-provider="scenarios" finished-at="2025-06-27T00:48:39 CDT" duration-ms="30167" status="PASS">
          <params>
            <param index="0">
              <value>
                <![CDATA["Verify Click CTA buttons"]]>
              </value>
            </param>
            <param index="1">
              <value>
                <![CDATA["UI and Functionality of HOME page"]]>
              </value>
            </param>
          </params>
          <reporter-output>
          </reporter-output>
        </test-method> <!-- runScenario -->
        <test-method signature="runScenario(io.cucumber.testng.PickleWrapper,io.cucumber.testng.FeatureWrapper)[pri:0, instance:testRunner.TestRunner@278bb07e]" started-at="2025-06-27T00:48:09 CDT" name="runScenario" description="Runs Cucumber Scenarios" data-provider="scenarios" finished-at="2025-06-27T00:48:09 CDT" duration-ms="101" status="PASS">
          <params>
            <param index="0">
              <value>
                <![CDATA["Verify navigat using Tab key"]]>
              </value>
            </param>
            <param index="1">
              <value>
                <![CDATA["UI and Functionality of HOME page"]]>
              </value>
            </param>
          </params>
          <reporter-output>
          </reporter-output>
        </test-method> <!-- runScenario -->
        <test-method is-config="true" signature="tearDownClass()[pri:0, instance:testRunner.TestRunner@278bb07e]" started-at="2025-06-27T00:48:39 CDT" name="tearDownClass" finished-at="2025-06-27T00:48:39 CDT" duration-ms="26" status="PASS">
          <reporter-output>
          </reporter-output>
        </test-method> <!-- tearDownClass -->
      </class> <!-- testRunner.TestRunner -->
    </test> <!-- TestEdge -->
    <test started-at="2025-06-27T00:48:39 CDT" name="TestChrome" finished-at="2025-06-27T00:48:59 CDT" duration-ms="19859">
      <class name="testRunner.TestRunner">
        <test-method is-config="true" signature="setUpClass(org.testng.ITestContext)[pri:0, instance:testRunner.TestRunner@3381b4fc]" started-at="2025-06-27T00:48:39 CDT" name="setUpClass" finished-at="2025-06-27T00:48:39 CDT" duration-ms="17" status="PASS">
          <params>
            <param index="0">
              <value>
                <![CDATA[org.testng.TestRunner@1039bfc4]]>
              </value>
            </param>
          </params>
          <reporter-output>
          </reporter-output>
        </test-method> <!-- setUpClass -->
        <test-method is-config="true" signature="defineBrowser(java.lang.String)[pri:0, instance:testRunner.TestRunner@3381b4fc]" started-at="2025-06-27T00:48:39 CDT" name="defineBrowser" finished-at="2025-06-27T00:48:39 CDT" duration-ms="0" status="PASS">
          <params>
            <param index="0">
              <value>
                <![CDATA[chrome]]>
              </value>
            </param>
          </params>
          <reporter-output>
          </reporter-output>
        </test-method> <!-- defineBrowser -->
        <test-method signature="runScenario(io.cucumber.testng.PickleWrapper,io.cucumber.testng.FeatureWrapper)[pri:0, instance:testRunner.TestRunner@3381b4fc]" started-at="2025-06-27T00:48:39 CDT" name="runScenario" description="Runs Cucumber Scenarios" data-provider="scenarios" finished-at="2025-06-27T00:48:59 CDT" duration-ms="19357" status="PASS">
          <params>
            <param index="0">
              <value>
                <![CDATA["Verify the logo is displayed in the top-left corner"]]>
              </value>
            </param>
            <param index="1">
              <value>
                <![CDATA["UI and Functionality of HOME page"]]>
              </value>
            </param>
          </params>
          <reporter-output>
          </reporter-output>
        </test-method> <!-- runScenario -->
        <test-method signature="runScenario(io.cucumber.testng.PickleWrapper,io.cucumber.testng.FeatureWrapper)[pri:0, instance:testRunner.TestRunner@3381b4fc]" started-at="2025-06-27T00:48:39 CDT" name="runScenario" description="Runs Cucumber Scenarios" data-provider="scenarios" finished-at="2025-06-27T00:48:59 CDT" duration-ms="19696" status="PASS">
          <params>
            <param index="0">
              <value>
                <![CDATA["Verify navigated page title after clicking nav link"]]>
              </value>
            </param>
            <param index="1">
              <value>
                <![CDATA["UI and Functionality of HOME page"]]>
              </value>
            </param>
          </params>
          <reporter-output>
          </reporter-output>
        </test-method> <!-- runScenario -->
        <test-method signature="runScenario(io.cucumber.testng.PickleWrapper,io.cucumber.testng.FeatureWrapper)[pri:0, instance:testRunner.TestRunner@3381b4fc]" started-at="2025-06-27T00:48:39 CDT" name="runScenario" description="Runs Cucumber Scenarios" data-provider="scenarios" finished-at="2025-06-27T00:48:59 CDT" duration-ms="19662" status="PASS">
          <params>
            <param index="0">
              <value>
                <![CDATA["Verify navigated page title after clicking nav link"]]>
              </value>
            </param>
            <param index="1">
              <value>
                <![CDATA["UI and Functionality of HOME page"]]>
              </value>
            </param>
          </params>
          <reporter-output>
          </reporter-output>
        </test-method> <!-- runScenario -->
        <test-method signature="runScenario(io.cucumber.testng.PickleWrapper,io.cucumber.testng.FeatureWrapper)[pri:0, instance:testRunner.TestRunner@3381b4fc]" started-at="2025-06-27T00:48:39 CDT" name="runScenario" description="Runs Cucumber Scenarios" data-provider="scenarios" finished-at="2025-06-27T00:48:59 CDT" duration-ms="19474" status="PASS">
          <params>
            <param index="0">
              <value>
                <![CDATA["Verify navigated page title after clicking nav link"]]>
              </value>
            </param>
            <param index="1">
              <value>
                <![CDATA["UI and Functionality of HOME page"]]>
              </value>
            </param>
          </params>
          <reporter-output>
          </reporter-output>
        </test-method> <!-- runScenario -->
        <test-method signature="runScenario(io.cucumber.testng.PickleWrapper,io.cucumber.testng.FeatureWrapper)[pri:0, instance:testRunner.TestRunner@3381b4fc]" started-at="2025-06-27T00:48:39 CDT" name="runScenario" description="Runs Cucumber Scenarios" data-provider="scenarios" finished-at="2025-06-27T00:48:59 CDT" duration-ms="19780" status="PASS">
          <params>
            <param index="0">
              <value>
                <![CDATA["Verify navigated page title after clicking nav link"]]>
              </value>
            </param>
            <param index="1">
              <value>
                <![CDATA["UI and Functionality of HOME page"]]>
              </value>
            </param>
          </params>
          <reporter-output>
          </reporter-output>
        </test-method> <!-- runScenario -->
        <test-method signature="runScenario(io.cucumber.testng.PickleWrapper,io.cucumber.testng.FeatureWrapper)[pri:0, instance:testRunner.TestRunner@3381b4fc]" started-at="2025-06-27T00:48:39 CDT" name="runScenario" description="Runs Cucumber Scenarios" data-provider="scenarios" finished-at="2025-06-27T00:48:59 CDT" duration-ms="19673" status="PASS">
          <params>
            <param index="0">
              <value>
                <![CDATA["Verify the navigation bar items are present"]]>
              </value>
            </param>
            <param index="1">
              <value>
                <![CDATA["UI and Functionality of HOME page"]]>
              </value>
            </param>
          </params>
          <reporter-output>
          </reporter-output>
        </test-method> <!-- runScenario -->
        <test-method signature="runScenario(io.cucumber.testng.PickleWrapper,io.cucumber.testng.FeatureWrapper)[pri:0, instance:testRunner.TestRunner@3381b4fc]" started-at="2025-06-27T00:48:39 CDT" name="runScenario" description="Runs Cucumber Scenarios" data-provider="scenarios" finished-at="2025-06-27T00:48:39 CDT" duration-ms="27" status="PASS">
          <params>
            <param index="0">
              <value>
                <![CDATA["Verify navigat using Tab key"]]>
              </value>
            </param>
            <param index="1">
              <value>
                <![CDATA["UI and Functionality of HOME page"]]>
              </value>
            </param>
          </params>
          <reporter-output>
          </reporter-output>
        </test-method> <!-- runScenario -->
        <test-method signature="runScenario(io.cucumber.testng.PickleWrapper,io.cucumber.testng.FeatureWrapper)[pri:0, instance:testRunner.TestRunner@3381b4fc]" started-at="2025-06-27T00:48:39 CDT" name="runScenario" description="Runs Cucumber Scenarios" data-provider="scenarios" finished-at="2025-06-27T00:48:59 CDT" duration-ms="19661" status="PASS">
          <params>
            <param index="0">
              <value>
                <![CDATA["Verify Click CTA buttons"]]>
              </value>
            </param>
            <param index="1">
              <value>
                <![CDATA["UI and Functionality of HOME page"]]>
              </value>
            </param>
          </params>
          <reporter-output>
          </reporter-output>
        </test-method> <!-- runScenario -->
        <test-method is-config="true" signature="tearDownClass()[pri:0, instance:testRunner.TestRunner@3381b4fc]" started-at="2025-06-27T00:48:59 CDT" name="tearDownClass" finished-at="2025-06-27T00:48:59 CDT" duration-ms="56" status="PASS">
          <reporter-output>
          </reporter-output>
        </test-method> <!-- tearDownClass -->
      </class> <!-- testRunner.TestRunner -->
    </test> <!-- TestChrome -->
  </suite> <!-- Suite -->
</testng-results>
